==================================================
Testing submission from NetID ' ccx1 ', name '  ')
Submitted tar archive name:  ccx1.tar
 

Result is a set of (k, cycle) pairs for each test block

T001k.i:	{3: '100000', 4: '100000', 5: '100000', 6: '100000', 8: '100000', 12: '100000', 16: '100000'}
long.i:		{3: '100000', 4: '100000', 5: '100000', 6: '100000', 8: '100000', 12: '100000', 16: 121}
report1.i:	{3: '100000', 4: '100000', 5: '100000', 6: '100000', 8: '100000', 12: '100000', 16: 54}
report2.i:	{3: '100000', 4: '100000', 5: '100000', 6: '100000', 8: '100000', 12: '100000', 16: 56}
report3.i:	{3: '100000', 4: '100000', 5: '100000', 6: '100000', 8: '100000', 12: '100000', 16: '100000'}
report4.i:	{3: '100000', 4: '100000', 5: '100000', 6: '100000', 8: '100000', 12: '100000', 16: '100000'}
report5.i:	{3: '100000', 4: '100000', 5: '100000', 6: '100000', 8: '100000', 12: 30, 16: 30}
report6.i:	{3: '100000', 4: '100000', 5: '100000', 6: '100000', 8: '100000', 12: '100000', 16: '100000'}
report7.i:	{3: '100000', 4: '100000', 5: '100000', 6: '100000', 8: '100000', 12: '100000', 16: 44}

Testing Scalability:

	T008k.i:  	0.6447 seconds
	T016k.i:  	1.2387 seconds
	T032k.i:  	2.5559 seconds
	T064k.i:  	5.2048 seconds
	T128k.i:  	10.451 seconds
 

Finished submission  ccx1.tar
Running lab2_ref to establish effectiveness baselines

--------------------------------------------------
Concise results (% of points in each category)

 :
   Correctness points:     0.0952
   Effectiveness points:   0.0952
	Scaling appears to be linear
   Scalability points:     100 

--------------------------------------------------


Normal Exit

